<?xml version="1.0" encoding="UTF-8"?>
<!-- Generated by org.testng.reporters.JUnitXMLReporter -->
<testsuite ignored="6" hostname="DESKTOP-R4OAK6D" failures="0" tests="8" name="headlessTest" time="1.641" errors="0" timestamp="2024-03-19T13:00:00 IST">
  <testcase classname="base.ProjectSpecification" name="@BeforeMethod browserHeadless" time="0.001">
    <failure type="java.lang.NullPointerException" message="Cannot invoke &amp;quot;org.openqa.selenium.WebDriver.get(String)&amp;quot; because &amp;quot;utils.Utility.driver&amp;quot; is null">
      <![CDATA[java.lang.NullPointerException: Cannot invoke "org.openqa.selenium.WebDriver.get(String)" because "utils.Utility.driver" is null
at utils.Utility.headlessBrowser(Utility.java:70)
at base.ProjectSpecification.browserHeadless(ProjectSpecification.java:49)
at java.base/java.util.ArrayList.forEach(ArrayList.java:1511)
... Removed 31 stack frames]]>
    </failure>
  </testcase> <!-- @BeforeMethod browserHeadless -->
  <testcase classname="base.ProjectSpecification" name="@BeforeMethod launchBrowser" time="-1.710833400149E9">
    <skipped/>
  </testcase> <!-- @BeforeMethod launchBrowser -->
  <testcase classname="base.ProjectSpecification" name="@AfterMethod browserClose" time="-1.710833400186E9">
    <skipped/>
  </testcase> <!-- @AfterMethod browserClose -->
  <testcase classname="base.ProjectSpecification" name="@BeforeMethod browserHeadless" time="-1.710833400192E9">
    <skipped/>
  </testcase> <!-- @BeforeMethod browserHeadless -->
  <testcase classname="base.ProjectSpecification" name="@BeforeMethod launchBrowser" time="-1.710833400196E9">
    <skipped/>
  </testcase> <!-- @BeforeMethod launchBrowser -->
  <testcase classname="base.ProjectSpecification" name="@AfterMethod browserClose" time="-1.710833400216E9">
    <skipped/>
  </testcase> <!-- @AfterMethod browserClose -->
  <testcase classname="base.ProjectSpecification" name="@BeforeMethod browserHeadless" time="0.001">
    <failure type="java.lang.NullPointerException" message="Cannot invoke &amp;quot;org.openqa.selenium.WebDriver.get(String)&amp;quot; because &amp;quot;utils.Utility.driver&amp;quot; is null">
      <![CDATA[java.lang.NullPointerException: Cannot invoke "org.openqa.selenium.WebDriver.get(String)" because "utils.Utility.driver" is null
at utils.Utility.headlessBrowser(Utility.java:70)
at base.ProjectSpecification.browserHeadless(ProjectSpecification.java:49)
at java.base/java.util.ArrayList.forEach(ArrayList.java:1511)
... Removed 31 stack frames]]>
    </failure>
  </testcase> <!-- @BeforeMethod browserHeadless -->
  <testcase classname="base.ProjectSpecification" name="@BeforeMethod launchBrowser" time="-1.710833400365E9">
    <skipped/>
  </testcase> <!-- @BeforeMethod launchBrowser -->
  <testcase classname="base.ProjectSpecification" name="@AfterMethod browserClose" time="-1.710833400373E9">
    <skipped/>
  </testcase> <!-- @AfterMethod browserClose -->
  <testcase classname="base.ProjectSpecification" name="@BeforeMethod browserHeadless" time="-1.710833400375E9">
    <skipped/>
  </testcase> <!-- @BeforeMethod browserHeadless -->
  <testcase classname="base.ProjectSpecification" name="@BeforeMethod launchBrowser" time="-1.710833400378E9">
    <skipped/>
  </testcase> <!-- @BeforeMethod launchBrowser -->
  <testcase classname="base.ProjectSpecification" name="@AfterMethod browserClose" time="-1.710833400384E9">
    <skipped/>
  </testcase> <!-- @AfterMethod browserClose -->
  <testcase classname="base.ProjectSpecification" name="@BeforeMethod browserHeadless" time="-1.710833400385E9">
    <skipped/>
  </testcase> <!-- @BeforeMethod browserHeadless -->
  <testcase classname="base.ProjectSpecification" name="@BeforeMethod launchBrowser" time="-1.710833400388E9">
    <skipped/>
  </testcase> <!-- @BeforeMethod launchBrowser -->
  <testcase classname="base.ProjectSpecification" name="@AfterMethod browserClose" time="-1.710833400396E9">
    <skipped/>
  </testcase> <!-- @AfterMethod browserClose -->
  <testcase classname="base.ProjectSpecification" name="@BeforeMethod browserHeadless" time="-1.710833400398E9">
    <skipped/>
  </testcase> <!-- @BeforeMethod browserHeadless -->
  <testcase classname="base.ProjectSpecification" name="@BeforeMethod launchBrowser" time="-1.710833400399E9">
    <skipped/>
  </testcase> <!-- @BeforeMethod launchBrowser -->
  <testcase classname="base.ProjectSpecification" name="@AfterMethod browserClose" time="-1.710833400407E9">
    <skipped/>
  </testcase> <!-- @AfterMethod browserClose -->
  <testcase classname="base.ProjectSpecification" name="@BeforeMethod browserHeadless" time="0.001">
    <failure type="java.lang.NullPointerException" message="Cannot invoke &amp;quot;org.openqa.selenium.WebDriver.get(String)&amp;quot; because &amp;quot;utils.Utility.driver&amp;quot; is null">
      <![CDATA[java.lang.NullPointerException: Cannot invoke "org.openqa.selenium.WebDriver.get(String)" because "utils.Utility.driver" is null
at utils.Utility.headlessBrowser(Utility.java:70)
at base.ProjectSpecification.browserHeadless(ProjectSpecification.java:49)
at java.base/java.util.ArrayList.forEach(ArrayList.java:1511)
... Removed 31 stack frames]]>
    </failure>
  </testcase> <!-- @BeforeMethod browserHeadless -->
  <testcase classname="base.ProjectSpecification" name="@BeforeMethod launchBrowser" time="-1.710833400414E9">
    <skipped/>
  </testcase> <!-- @BeforeMethod launchBrowser -->
  <testcase classname="base.ProjectSpecification" name="@AfterMethod browserClose" time="-1.71083340042E9">
    <skipped/>
  </testcase> <!-- @AfterMethod browserClose -->
  <testcase classname="base.ProjectSpecification" name="@BeforeMethod browserHeadless" time="0.001">
    <failure type="java.lang.NullPointerException" message="Cannot invoke &amp;quot;org.openqa.selenium.WebDriver.get(String)&amp;quot; because &amp;quot;utils.Utility.driver&amp;quot; is null">
      <![CDATA[java.lang.NullPointerException: Cannot invoke "org.openqa.selenium.WebDriver.get(String)" because "utils.Utility.driver" is null
at utils.Utility.headlessBrowser(Utility.java:70)
at base.ProjectSpecification.browserHeadless(ProjectSpecification.java:49)
at java.base/java.util.ArrayList.forEach(ArrayList.java:1511)
... Removed 31 stack frames]]>
    </failure>
  </testcase> <!-- @BeforeMethod browserHeadless -->
  <testcase classname="base.ProjectSpecification" name="@BeforeMethod launchBrowser" time="-1.710833400428E9">
    <skipped/>
  </testcase> <!-- @BeforeMethod launchBrowser -->
  <testcase classname="base.ProjectSpecification" name="@AfterMethod browserClose" time="-1.710833400432E9">
    <skipped/>
  </testcase> <!-- @AfterMethod browserClose -->
  <testcase classname="test.TC001_Signuptest" name="signin" time="0.0">
    <skipped/>
  </testcase> <!-- signin -->
  <testcase classname="test.TC001_Signuptest" name="signin" time="0.0">
    <skipped/>
  </testcase> <!-- signin -->
  <testcase classname="test.TC002_Logintest" name="login" time="0.0">
    <skipped/>
  </testcase> <!-- login -->
  <testcase classname="test.TC002_Logintest" name="login" time="0.0">
    <skipped/>
  </testcase> <!-- login -->
  <testcase classname="test.TC002_Logintest" name="login" time="0.0">
    <skipped/>
  </testcase> <!-- login -->
  <testcase classname="test.TC002_Logintest" name="login" time="0.0">
    <skipped/>
  </testcase> <!-- login -->
  <testcase classname="test.TC003a_Onewaytest" name="one_way" time="0.0">
    <skipped/>
  </testcase> <!-- one_way -->
  <testcase classname="test.TC003b_Roundtriptest" name="round_Trip" time="0.0">
    <skipped/>
  </testcase> <!-- round_Trip -->
  <testcase classname="base.ProjectSpecification" name="@BeforeSuite getreport" time="0.0">
    <ignored/>
  </testcase> <!-- @BeforeSuite getreport -->
  <testcase classname="base.ProjectSpecification" name="@BeforeSuite getreport" time="0.0">
    <ignored/>
  </testcase> <!-- @BeforeSuite getreport -->
  <testcase classname="base.ProjectSpecification" name="@BeforeSuite getreport" time="0.0">
    <ignored/>
  </testcase> <!-- @BeforeSuite getreport -->
  <testcase classname="base.ProjectSpecification" name="@AfterSuite closereport" time="0.0">
    <ignored/>
  </testcase> <!-- @AfterSuite closereport -->
  <testcase classname="base.ProjectSpecification" name="@AfterSuite closereport" time="0.0">
    <ignored/>
  </testcase> <!-- @AfterSuite closereport -->
  <testcase classname="base.ProjectSpecification" name="@AfterSuite closereport" time="0.0">
    <ignored/>
  </testcase> <!-- @AfterSuite closereport -->
</testsuite> <!-- headlessTest -->
